<?xml version="1.0" encoding="UTF-8"?>
<testsuite xmlns:xsi="http://www.w3.org/2001/XMLSchema-instance" xsi:noNamespaceSchemaLocation="https://maven.apache.org/surefire/maven-surefire-plugin/xsd/surefire-test-report-3.0.xsd" version="3.0" name="com.empresa.erp.BackendApplicationTests" time="27.696" tests="1" errors="0" skipped="0" failures="0">
  <properties>
[...]
</properties>
  <testcase name="contextLoads" classname="com.empresa.erp.BackendApplicationTests" time="1.753">
    <system-out><![CDATA[17:22:10.710 [main] INFO org.springframework.test.context.support.AnnotationConfigContextLoaderUtils -- Could not detect default configuration classes for test class [com.empresa.erp.BackendApplicationTests]: BackendApplicationTests does not declare any static, non-private, non-final, nested classes annotated with @Configuration.
17:22:11.167 [main] INFO org.springframework.boot.test.context.SpringBootTestContextBootstrapper -- Found @SpringBootConfiguration com.empresa.erp.BackendApplication for test class com.empresa.erp.BackendApplicationTests

  .   ____          _            __ _ _
 /\\ / ___'_ __ _ _(_)_ __  __ _ \ \ \ \
( ( )\___ | '_ | '_| | '_ \/ _` | \ \ \ \
 \\/  ___)| |_)| | | | | || (_| |  ) ) ) )
  '  |____| .__|_| |_|_| |_\__, | / / / /
 =========|_|==============|___/=/_/_/_/
 :: Spring Boot ::                (v3.2.5)

2025-06-20T17:22:14.879-05:00  INFO 27204 --- [           main] c.empresa.erp.BackendApplicationTests    : Starting BackendApplicationTests using Java 17.0.15 with PID 27204 (started by dimde in C:\ERP_SENA_Final\backend)
2025-06-20T17:22:14.887-05:00  INFO 27204 --- [           main] c.empresa.erp.BackendApplicationTests    : No active profile set, falling back to 1 default profile: "default"
2025-06-20T17:22:19.580-05:00  INFO 27204 --- [           main] .s.d.r.c.RepositoryConfigurationDelegate : Bootstrapping Spring Data JPA repositories in DEFAULT mode.
2025-06-20T17:22:19.895-05:00  INFO 27204 --- [           main] .s.d.r.c.RepositoryConfigurationDelegate : Finished Spring Data repository scanning in 277 ms. Found 5 JPA repository interfaces.
2025-06-20T17:22:22.233-05:00  INFO 27204 --- [           main] o.hibernate.jpa.internal.util.LogHelper  : HHH000204: Processing PersistenceUnitInfo [name: default]
2025-06-20T17:22:22.619-05:00  INFO 27204 --- [           main] org.hibernate.Version                    : HHH000412: Hibernate ORM core version 6.4.4.Final
2025-06-20T17:22:22.866-05:00  INFO 27204 --- [           main] o.h.c.internal.RegionFactoryInitiator    : HHH000026: Second-level cache disabled
2025-06-20T17:22:24.445-05:00  INFO 27204 --- [           main] o.s.o.j.p.SpringPersistenceUnitInfo      : No LoadTimeWeaver setup: ignoring JPA class transformer
2025-06-20T17:22:24.577-05:00  INFO 27204 --- [           main] com.zaxxer.hikari.HikariDataSource       : HikariPool-1 - Starting...
2025-06-20T17:22:25.853-05:00  INFO 27204 --- [           main] com.zaxxer.hikari.pool.HikariPool        : HikariPool-1 - Added connection com.mysql.cj.jdbc.ConnectionImpl@149d7cc6
2025-06-20T17:22:25.865-05:00  INFO 27204 --- [           main] com.zaxxer.hikari.HikariDataSource       : HikariPool-1 - Start completed.
2025-06-20T17:22:26.192-05:00  WARN 27204 --- [           main] org.hibernate.orm.deprecation            : HHH90000025: MySQLDialect does not need to be specified explicitly using 'hibernate.dialect' (remove the property setting and it will be selected by default)
2025-06-20T17:22:30.346-05:00  INFO 27204 --- [           main] o.h.e.t.j.p.i.JtaPlatformInitiator       : HHH000489: No JTA platform available (set 'hibernate.transaction.jta.platform' to enable JTA platform integration)
Hibernate: alter table detalle_pedido drop foreign key FKgqvba9e7dildyw45u0usdj1k2
Hibernate: alter table detalle_pedido drop foreign key FK2yc3nts8mdyqf6dw6ndosk67a
Hibernate: alter table pedido drop foreign key FK30s8j2ktpay6of18lbyqn3632
Hibernate: drop table if exists cliente
Hibernate: drop table if exists detalle_pedido
Hibernate: drop table if exists pedido
Hibernate: drop table if exists producto
Hibernate: drop table if exists usuario
Hibernate: create table cliente (id bigint not null auto_increment, correo varchar(255), direccion varchar(255), nombre varchar(255), telefono varchar(255), tipo varchar(255), primary key (id)) engine=InnoDB
Hibernate: create table detalle_pedido (cantidad integer, id bigint not null auto_increment, pedido_id bigint, producto_id bigint, primary key (id)) engine=InnoDB
Hibernate: create table pedido (fecha date, total float(53), cliente_id bigint, id bigint not null auto_increment, primary key (id)) engine=InnoDB
Hibernate: create table producto (precio float(53), stock integer, id bigint not null auto_increment, descripcion varchar(255), nombre varchar(255), primary key (id)) engine=InnoDB
Hibernate: create table usuario (id bigint not null auto_increment, correo varchar(255), nombre varchar(255), password varchar(255), rol varchar(255), primary key (id)) engine=InnoDB
Hibernate: alter table detalle_pedido add constraint FKgqvba9e7dildyw45u0usdj1k2 foreign key (pedido_id) references pedido (id)
Hibernate: alter table detalle_pedido add constraint FK2yc3nts8mdyqf6dw6ndosk67a foreign key (producto_id) references producto (id)
Hibernate: alter table pedido add constraint FK30s8j2ktpay6of18lbyqn3632 foreign key (cliente_id) references cliente (id)
2025-06-20T17:22:31.232-05:00  INFO 27204 --- [           main] j.LocalContainerEntityManagerFactoryBean : Initialized JPA EntityManagerFactory for persistence unit 'default'
2025-06-20T17:22:33.430-05:00  WARN 27204 --- [           main] JpaBaseConfiguration$JpaWebConfiguration : spring.jpa.open-in-view is enabled by default. Therefore, database queries may be performed during view rendering. Explicitly configure spring.jpa.open-in-view to disable this warning
2025-06-20T17:22:35.893-05:00  INFO 27204 --- [           main] c.empresa.erp.BackendApplicationTests    : Started BackendApplicationTests in 23.341 seconds (process running for 28.864)
]]></system-out>
  </testcase>
</testsuite>